\BOOKMARK [1][-]{section.1}{Introduction}{}
\BOOKMARK [2][-]{subsection.1.1}{Background}{section.1}
\BOOKMARK [2][-]{subsection.1.2}{Purpose and Goal}{section.1}
\BOOKMARK [2][-]{subsection.1.3}{Limitations}{section.1}
\BOOKMARK [2][-]{subsection.1.4}{Method}{section.1}
\BOOKMARK [3][-]{subsubsection.1.4.1}{Usability Evaluation}{subsection.1.4}
\BOOKMARK [3][-]{subsubsection.1.4.2}{Interaction Design}{subsection.1.4}
\BOOKMARK [1][-]{section.2}{Previous Work}{}
\BOOKMARK [2][-]{subsection.2.1}{ Personal Learning Environments }{section.2}
\BOOKMARK [2][-]{subsection.2.2}{Widgets}{section.2}
\BOOKMARK [3][-]{subsubsection.2.2.1}{OpenApp}{subsection.2.2}
\BOOKMARK [3][-]{subsubsection.2.2.2}{Widget Space}{subsection.2.2}
\BOOKMARK [2][-]{subsection.2.3}{Psycho-Pedagogical Integration Model}{section.2}
\BOOKMARK [3][-]{subsubsection.2.3.1}{Learner profile model is defined or revised}{subsection.2.3}
\BOOKMARK [3][-]{subsubsection.2.3.2}{Learner finds and selects learning resources}{subsection.2.3}
\BOOKMARK [3][-]{subsubsection.2.3.3}{Learner works on selected learning resources}{subsection.2.3}
\BOOKMARK [3][-]{subsubsection.2.3.4}{Learner reflects and reacts on strategies goals}{subsection.2.3}
\BOOKMARK [2][-]{subsection.2.4}{Personas}{section.2}
\BOOKMARK [2][-]{subsection.2.5}{Interaction Design}{section.2}
\BOOKMARK [3][-]{subsubsection.2.5.1}{Previous Designs}{subsection.2.5}
\BOOKMARK [1][-]{section.3}{Requirements}{}
\BOOKMARK [2][-]{subsection.3.1}{Requirements from ROLE}{section.3}
\BOOKMARK [2][-]{subsection.3.2}{Requirements from Uppsala Learning Lab}{section.3}
\BOOKMARK [1][-]{section.4}{Interaction Design}{}
\BOOKMARK [2][-]{subsection.4.1}{Analysis of Previous Designs}{section.4}
\BOOKMARK [2][-]{subsection.4.2}{Design Sketches}{section.4}
\BOOKMARK [1][-]{section.5}{Usability Recommendations}{}
\BOOKMARK [2][-]{subsection.5.1}{Personas}{section.5}
\BOOKMARK [3][-]{subsubsection.5.1.1}{Scenario}{subsection.5.1}
\BOOKMARK [3][-]{subsubsection.5.1.2}{Results from personas}{subsection.5.1}
\BOOKMARK [2][-]{subsection.5.2}{Survey}{section.5}
\BOOKMARK [3][-]{subsubsection.5.2.1}{Results from the survey}{subsection.5.2}
\BOOKMARK [1][-]{section.6}{Analysis}{}
\BOOKMARK [2][-]{subsection.6.1}{Integrating PPIM in PLESpaces}{section.6}
\BOOKMARK [2][-]{subsection.6.2}{Design Sketches}{section.6}
\BOOKMARK [2][-]{subsection.6.3}{Usability Recommendations}{section.6}
\BOOKMARK [1][-]{section.7}{Discussion}{}
\BOOKMARK [2][-]{subsection.7.1}{Discussing the Results}{section.7}
\BOOKMARK [1][-]{section.8}{Future Work}{}
\BOOKMARK [1][-]{appendix.A}{Survey}{}
